<?xml version="1.0" encoding="UTF-8"?>
<testng-results total="11" passed="11" failed="0" skipped="0">
  <reporter-output>
  </reporter-output>
  <suite started-at="2020-05-13T21:43:40Z" name="All Test Suite" finished-at="2020-05-13T21:44:39Z" duration-ms="59528">
    <groups>
    </groups>
    <test started-at="2020-05-13T21:43:40Z" name="/Users/ianflanagan/Workspace/JavaClass/JavaWebDemo/responsivewebdemo" finished-at="2020-05-13T21:44:39Z" duration-ms="59528">
      <class name="com.DemoTest.Tests.WebDemoTest">
        <test-method signature="IanTestLoginDesktopWeb(java.lang.String, java.lang.String, java.lang.String, java.lang.reflect.Method)[pri:0, instance:com.DemoTest.Tests.WebDemoTest@b59d31]" started-at="2020-05-13T16:43:40Z" name="IanTestLoginDesktopWeb" data-provider="Browsers" finished-at="2020-05-13T16:44:15Z" duration-ms="35772" status="PASS">
          <params>
            <param index="0">
              <value>
                <![CDATA[chrome]]>
              </value>
            </param>
            <param index="1">
              <value>
                <![CDATA[latest -1]]>
              </value>
            </param>
            <param index="2">
              <value>
                <![CDATA[Windows 8.1]]>
              </value>
            </param>
            <param index="3">
              <value>
                <![CDATA[public void com.DemoTest.Tests.WebDemoTest.IanTestLoginDesktopWeb(java.lang.String,java.lang.String,java.lang.String,java.lang.reflect.Method) throws java.net.MalformedURLException,org.openqa.selenium.InvalidElementStateException,java.rmi.UnexpectedException]]>
              </value>
            </param>
          </params>
          <reporter-output>
          </reporter-output>
        </test-method> <!-- IanTestLoginDesktopWeb -->
        <test-method signature="IanTestLoginDesktopWeb(java.lang.String, java.lang.String, java.lang.String, java.lang.reflect.Method)[pri:0, instance:com.DemoTest.Tests.WebDemoTest@b59d31]" started-at="2020-05-13T16:43:40Z" name="IanTestLoginDesktopWeb" data-provider="Browsers" finished-at="2020-05-13T16:44:12Z" duration-ms="31790" status="PASS">
          <params>
            <param index="0">
              <value>
                <![CDATA[firefox]]>
              </value>
            </param>
            <param index="1">
              <value>
                <![CDATA[latest]]>
              </value>
            </param>
            <param index="2">
              <value>
                <![CDATA[Windows 7]]>
              </value>
            </param>
            <param index="3">
              <value>
                <![CDATA[public void com.DemoTest.Tests.WebDemoTest.IanTestLoginDesktopWeb(java.lang.String,java.lang.String,java.lang.String,java.lang.reflect.Method) throws java.net.MalformedURLException,org.openqa.selenium.InvalidElementStateException,java.rmi.UnexpectedException]]>
              </value>
            </param>
          </params>
          <reporter-output>
          </reporter-output>
        </test-method> <!-- IanTestLoginDesktopWeb -->
        <test-method signature="IanTestLoginDesktopWeb(java.lang.String, java.lang.String, java.lang.String, java.lang.reflect.Method)[pri:0, instance:com.DemoTest.Tests.WebDemoTest@b59d31]" started-at="2020-05-13T16:43:40Z" name="IanTestLoginDesktopWeb" data-provider="Browsers" finished-at="2020-05-13T16:44:05Z" duration-ms="25061" status="PASS">
          <params>
            <param index="0">
              <value>
                <![CDATA[internet explorer]]>
              </value>
            </param>
            <param index="1">
              <value>
                <![CDATA[latest]]>
              </value>
            </param>
            <param index="2">
              <value>
                <![CDATA[Windows 8.1]]>
              </value>
            </param>
            <param index="3">
              <value>
                <![CDATA[public void com.DemoTest.Tests.WebDemoTest.IanTestLoginDesktopWeb(java.lang.String,java.lang.String,java.lang.String,java.lang.reflect.Method) throws java.net.MalformedURLException,org.openqa.selenium.InvalidElementStateException,java.rmi.UnexpectedException]]>
              </value>
            </param>
          </params>
          <reporter-output>
          </reporter-output>
        </test-method> <!-- IanTestLoginDesktopWeb -->
        <test-method signature="IanTestLoginDesktopWeb(java.lang.String, java.lang.String, java.lang.String, java.lang.reflect.Method)[pri:0, instance:com.DemoTest.Tests.WebDemoTest@b59d31]" started-at="2020-05-13T16:43:40Z" name="IanTestLoginDesktopWeb" data-provider="Browsers" finished-at="2020-05-13T16:44:08Z" duration-ms="28303" status="PASS">
          <params>
            <param index="0">
              <value>
                <![CDATA[safari]]>
              </value>
            </param>
            <param index="1">
              <value>
                <![CDATA[latest]]>
              </value>
            </param>
            <param index="2">
              <value>
                <![CDATA[macOS 10.14]]>
              </value>
            </param>
            <param index="3">
              <value>
                <![CDATA[public void com.DemoTest.Tests.WebDemoTest.IanTestLoginDesktopWeb(java.lang.String,java.lang.String,java.lang.String,java.lang.reflect.Method) throws java.net.MalformedURLException,org.openqa.selenium.InvalidElementStateException,java.rmi.UnexpectedException]]>
              </value>
            </param>
          </params>
          <reporter-output>
          </reporter-output>
        </test-method> <!-- IanTestLoginDesktopWeb -->
        <test-method signature="IanTestLoginDesktopWeb(java.lang.String, java.lang.String, java.lang.String, java.lang.reflect.Method)[pri:0, instance:com.DemoTest.Tests.WebDemoTest@b59d31]" started-at="2020-05-13T16:43:40Z" name="IanTestLoginDesktopWeb" data-provider="Browsers" finished-at="2020-05-13T16:44:10Z" duration-ms="30079" status="PASS">
          <params>
            <param index="0">
              <value>
                <![CDATA[firefox]]>
              </value>
            </param>
            <param index="1">
              <value>
                <![CDATA[latest]]>
              </value>
            </param>
            <param index="2">
              <value>
                <![CDATA[Windows 8.1]]>
              </value>
            </param>
            <param index="3">
              <value>
                <![CDATA[public void com.DemoTest.Tests.WebDemoTest.IanTestLoginDesktopWeb(java.lang.String,java.lang.String,java.lang.String,java.lang.reflect.Method) throws java.net.MalformedURLException,org.openqa.selenium.InvalidElementStateException,java.rmi.UnexpectedException]]>
              </value>
            </param>
          </params>
          <reporter-output>
          </reporter-output>
        </test-method> <!-- IanTestLoginDesktopWeb -->
        <test-method signature="IanTestLoginDesktopWeb(java.lang.String, java.lang.String, java.lang.String, java.lang.reflect.Method)[pri:0, instance:com.DemoTest.Tests.WebDemoTest@b59d31]" started-at="2020-05-13T16:43:40Z" name="IanTestLoginDesktopWeb" data-provider="Browsers" finished-at="2020-05-13T16:44:10Z" duration-ms="30058" status="PASS">
          <params>
            <param index="0">
              <value>
                <![CDATA[chrome]]>
              </value>
            </param>
            <param index="1">
              <value>
                <![CDATA[latest]]>
              </value>
            </param>
            <param index="2">
              <value>
                <![CDATA[Windows 8]]>
              </value>
            </param>
            <param index="3">
              <value>
                <![CDATA[public void com.DemoTest.Tests.WebDemoTest.IanTestLoginDesktopWeb(java.lang.String,java.lang.String,java.lang.String,java.lang.reflect.Method) throws java.net.MalformedURLException,org.openqa.selenium.InvalidElementStateException,java.rmi.UnexpectedException]]>
              </value>
            </param>
          </params>
          <reporter-output>
          </reporter-output>
        </test-method> <!-- IanTestLoginDesktopWeb -->
        <test-method signature="IanTestLoginDesktopWeb(java.lang.String, java.lang.String, java.lang.String, java.lang.reflect.Method)[pri:0, instance:com.DemoTest.Tests.WebDemoTest@b59d31]" started-at="2020-05-13T16:43:40Z" name="IanTestLoginDesktopWeb" data-provider="Browsers" finished-at="2020-05-13T16:44:04Z" duration-ms="24737" status="PASS">
          <params>
            <param index="0">
              <value>
                <![CDATA[MicrosoftEdge]]>
              </value>
            </param>
            <param index="1">
              <value>
                <![CDATA[latest]]>
              </value>
            </param>
            <param index="2">
              <value>
                <![CDATA[Windows 10]]>
              </value>
            </param>
            <param index="3">
              <value>
                <![CDATA[public void com.DemoTest.Tests.WebDemoTest.IanTestLoginDesktopWeb(java.lang.String,java.lang.String,java.lang.String,java.lang.reflect.Method) throws java.net.MalformedURLException,org.openqa.selenium.InvalidElementStateException,java.rmi.UnexpectedException]]>
              </value>
            </param>
          </params>
          <reporter-output>
          </reporter-output>
        </test-method> <!-- IanTestLoginDesktopWeb -->
        <test-method signature="IanTestLoginDesktopWeb(java.lang.String, java.lang.String, java.lang.String, java.lang.reflect.Method)[pri:0, instance:com.DemoTest.Tests.WebDemoTest@b59d31]" started-at="2020-05-13T16:43:40Z" name="IanTestLoginDesktopWeb" data-provider="Browsers" finished-at="2020-05-13T16:44:05Z" duration-ms="24948" status="PASS">
          <params>
            <param index="0">
              <value>
                <![CDATA[chrome]]>
              </value>
            </param>
            <param index="1">
              <value>
                <![CDATA[latest]]>
              </value>
            </param>
            <param index="2">
              <value>
                <![CDATA[Windows 8.1]]>
              </value>
            </param>
            <param index="3">
              <value>
                <![CDATA[public void com.DemoTest.Tests.WebDemoTest.IanTestLoginDesktopWeb(java.lang.String,java.lang.String,java.lang.String,java.lang.reflect.Method) throws java.net.MalformedURLException,org.openqa.selenium.InvalidElementStateException,java.rmi.UnexpectedException]]>
              </value>
            </param>
          </params>
          <reporter-output>
          </reporter-output>
        </test-method> <!-- IanTestLoginDesktopWeb -->
        <test-method signature="IanTestLoginDesktopWeb(java.lang.String, java.lang.String, java.lang.String, java.lang.reflect.Method)[pri:0, instance:com.DemoTest.Tests.WebDemoTest@b59d31]" started-at="2020-05-13T16:43:40Z" name="IanTestLoginDesktopWeb" data-provider="Browsers" finished-at="2020-05-13T16:44:14Z" duration-ms="33815" status="PASS">
          <params>
            <param index="0">
              <value>
                <![CDATA[firefox]]>
              </value>
            </param>
            <param index="1">
              <value>
                <![CDATA[latest -1]]>
              </value>
            </param>
            <param index="2">
              <value>
                <![CDATA[Windows 8.1]]>
              </value>
            </param>
            <param index="3">
              <value>
                <![CDATA[public void com.DemoTest.Tests.WebDemoTest.IanTestLoginDesktopWeb(java.lang.String,java.lang.String,java.lang.String,java.lang.reflect.Method) throws java.net.MalformedURLException,org.openqa.selenium.InvalidElementStateException,java.rmi.UnexpectedException]]>
              </value>
            </param>
          </params>
          <reporter-output>
          </reporter-output>
        </test-method> <!-- IanTestLoginDesktopWeb -->
        <test-method signature="IanTestLoginDesktopWeb(java.lang.String, java.lang.String, java.lang.String, java.lang.reflect.Method)[pri:0, instance:com.DemoTest.Tests.WebDemoTest@b59d31]" started-at="2020-05-13T16:43:40Z" name="IanTestLoginDesktopWeb" data-provider="Browsers" finished-at="2020-05-13T16:44:14Z" duration-ms="33816" status="PASS">
          <params>
            <param index="0">
              <value>
                <![CDATA[chrome]]>
              </value>
            </param>
            <param index="1">
              <value>
                <![CDATA[latest]]>
              </value>
            </param>
            <param index="2">
              <value>
                <![CDATA[Windows 10]]>
              </value>
            </param>
            <param index="3">
              <value>
                <![CDATA[public void com.DemoTest.Tests.WebDemoTest.IanTestLoginDesktopWeb(java.lang.String,java.lang.String,java.lang.String,java.lang.reflect.Method) throws java.net.MalformedURLException,org.openqa.selenium.InvalidElementStateException,java.rmi.UnexpectedException]]>
              </value>
            </param>
          </params>
          <reporter-output>
          </reporter-output>
        </test-method> <!-- IanTestLoginDesktopWeb -->
        <test-method is-config="true" signature="tearDown(org.testng.ITestResult)[pri:0, instance:com.DemoTest.Tests.WebDemoTest@b59d31]" started-at="2020-05-13T16:44:04Z" name="tearDown" finished-at="2020-05-13T16:44:05Z" duration-ms="587" status="PASS">
          <params>
            <param index="0">
              <value>
                <![CDATA[[TestResult name=IanTestLoginDesktopWeb status=SUCCESS method=WebDemoTest.IanTestLoginDesktopWeb(java.lang.String, java.lang.String, java.lang.String, java.lang.reflect.Method)[pri:0, instance:com.DemoTest.Tests.WebDemoTest@b59d31] output={null}]]]>
              </value>
            </param>
          </params>
          <reporter-output>
          </reporter-output>
        </test-method> <!-- tearDown -->
        <test-method is-config="true" signature="tearDown(org.testng.ITestResult)[pri:0, instance:com.DemoTest.Tests.WebDemoTest@b59d31]" started-at="2020-05-13T16:44:05Z" name="tearDown" finished-at="2020-05-13T16:44:05Z" duration-ms="333" status="PASS">
          <params>
            <param index="0">
              <value>
                <![CDATA[[TestResult name=IanTestLoginDesktopWeb status=SUCCESS method=WebDemoTest.IanTestLoginDesktopWeb(java.lang.String, java.lang.String, java.lang.String, java.lang.reflect.Method)[pri:0, instance:com.DemoTest.Tests.WebDemoTest@b59d31] output={null}]]]>
              </value>
            </param>
          </params>
          <reporter-output>
          </reporter-output>
        </test-method> <!-- tearDown -->
        <test-method is-config="true" signature="tearDown(org.testng.ITestResult)[pri:0, instance:com.DemoTest.Tests.WebDemoTest@b59d31]" started-at="2020-05-13T16:44:05Z" name="tearDown" finished-at="2020-05-13T16:44:05Z" duration-ms="569" status="PASS">
          <params>
            <param index="0">
              <value>
                <![CDATA[[TestResult name=IanTestLoginDesktopWeb status=SUCCESS method=WebDemoTest.IanTestLoginDesktopWeb(java.lang.String, java.lang.String, java.lang.String, java.lang.reflect.Method)[pri:0, instance:com.DemoTest.Tests.WebDemoTest@b59d31] output={null}]]]>
              </value>
            </param>
          </params>
          <reporter-output>
          </reporter-output>
        </test-method> <!-- tearDown -->
        <test-method signature="IanTestLoginDesktopWeb(java.lang.String, java.lang.String, java.lang.String, java.lang.reflect.Method)[pri:0, instance:com.DemoTest.Tests.WebDemoTest@b59d31]" started-at="2020-05-13T16:44:05Z" name="IanTestLoginDesktopWeb" data-provider="Browsers" finished-at="2020-05-13T16:44:39Z" duration-ms="33894" status="PASS">
          <params>
            <param index="0">
              <value>
                <![CDATA[chrome]]>
              </value>
            </param>
            <param index="1">
              <value>
                <![CDATA[latest]]>
              </value>
            </param>
            <param index="2">
              <value>
                <![CDATA[Windows 7]]>
              </value>
            </param>
            <param index="3">
              <value>
                <![CDATA[public void com.DemoTest.Tests.WebDemoTest.IanTestLoginDesktopWeb(java.lang.String,java.lang.String,java.lang.String,java.lang.reflect.Method) throws java.net.MalformedURLException,org.openqa.selenium.InvalidElementStateException,java.rmi.UnexpectedException]]>
              </value>
            </param>
          </params>
          <reporter-output>
          </reporter-output>
        </test-method> <!-- IanTestLoginDesktopWeb -->
        <test-method is-config="true" signature="tearDown(org.testng.ITestResult)[pri:0, instance:com.DemoTest.Tests.WebDemoTest@b59d31]" started-at="2020-05-13T16:44:08Z" name="tearDown" finished-at="2020-05-13T16:44:09Z" duration-ms="668" status="PASS">
          <params>
            <param index="0">
              <value>
                <![CDATA[[TestResult name=IanTestLoginDesktopWeb status=SUCCESS method=WebDemoTest.IanTestLoginDesktopWeb(java.lang.String, java.lang.String, java.lang.String, java.lang.reflect.Method)[pri:0, instance:com.DemoTest.Tests.WebDemoTest@b59d31] output={null}]]]>
              </value>
            </param>
          </params>
          <reporter-output>
          </reporter-output>
        </test-method> <!-- tearDown -->
        <test-method is-config="true" signature="tearDown(org.testng.ITestResult)[pri:0, instance:com.DemoTest.Tests.WebDemoTest@b59d31]" started-at="2020-05-13T16:44:10Z" name="tearDown" finished-at="2020-05-13T16:44:10Z" duration-ms="506" status="PASS">
          <params>
            <param index="0">
              <value>
                <![CDATA[[TestResult name=IanTestLoginDesktopWeb status=SUCCESS method=WebDemoTest.IanTestLoginDesktopWeb(java.lang.String, java.lang.String, java.lang.String, java.lang.reflect.Method)[pri:0, instance:com.DemoTest.Tests.WebDemoTest@b59d31] output={null}]]]>
              </value>
            </param>
          </params>
          <reporter-output>
          </reporter-output>
        </test-method> <!-- tearDown -->
        <test-method is-config="true" signature="tearDown(org.testng.ITestResult)[pri:0, instance:com.DemoTest.Tests.WebDemoTest@b59d31]" started-at="2020-05-13T16:44:10Z" name="tearDown" finished-at="2020-05-13T16:44:10Z" duration-ms="508" status="PASS">
          <params>
            <param index="0">
              <value>
                <![CDATA[[TestResult name=IanTestLoginDesktopWeb status=SUCCESS method=WebDemoTest.IanTestLoginDesktopWeb(java.lang.String, java.lang.String, java.lang.String, java.lang.reflect.Method)[pri:0, instance:com.DemoTest.Tests.WebDemoTest@b59d31] output={null}]]]>
              </value>
            </param>
          </params>
          <reporter-output>
          </reporter-output>
        </test-method> <!-- tearDown -->
        <test-method is-config="true" signature="tearDown(org.testng.ITestResult)[pri:0, instance:com.DemoTest.Tests.WebDemoTest@b59d31]" started-at="2020-05-13T16:44:12Z" name="tearDown" finished-at="2020-05-13T16:44:12Z" duration-ms="928" status="PASS">
          <params>
            <param index="0">
              <value>
                <![CDATA[[TestResult name=IanTestLoginDesktopWeb status=SUCCESS method=WebDemoTest.IanTestLoginDesktopWeb(java.lang.String, java.lang.String, java.lang.String, java.lang.reflect.Method)[pri:0, instance:com.DemoTest.Tests.WebDemoTest@b59d31] output={null}]]]>
              </value>
            </param>
          </params>
          <reporter-output>
          </reporter-output>
        </test-method> <!-- tearDown -->
        <test-method is-config="true" signature="tearDown(org.testng.ITestResult)[pri:0, instance:com.DemoTest.Tests.WebDemoTest@b59d31]" started-at="2020-05-13T16:44:14Z" name="tearDown" finished-at="2020-05-13T16:44:14Z" duration-ms="696" status="PASS">
          <params>
            <param index="0">
              <value>
                <![CDATA[[TestResult name=IanTestLoginDesktopWeb status=SUCCESS method=WebDemoTest.IanTestLoginDesktopWeb(java.lang.String, java.lang.String, java.lang.String, java.lang.reflect.Method)[pri:0, instance:com.DemoTest.Tests.WebDemoTest@b59d31] output={null}]]]>
              </value>
            </param>
          </params>
          <reporter-output>
          </reporter-output>
        </test-method> <!-- tearDown -->
        <test-method is-config="true" signature="tearDown(org.testng.ITestResult)[pri:0, instance:com.DemoTest.Tests.WebDemoTest@b59d31]" started-at="2020-05-13T16:44:14Z" name="tearDown" finished-at="2020-05-13T16:44:15Z" duration-ms="996" status="PASS">
          <params>
            <param index="0">
              <value>
                <![CDATA[[TestResult name=IanTestLoginDesktopWeb status=SUCCESS method=WebDemoTest.IanTestLoginDesktopWeb(java.lang.String, java.lang.String, java.lang.String, java.lang.reflect.Method)[pri:0, instance:com.DemoTest.Tests.WebDemoTest@b59d31] output={null}]]]>
              </value>
            </param>
          </params>
          <reporter-output>
          </reporter-output>
        </test-method> <!-- tearDown -->
        <test-method is-config="true" signature="tearDown(org.testng.ITestResult)[pri:0, instance:com.DemoTest.Tests.WebDemoTest@b59d31]" started-at="2020-05-13T16:44:15Z" name="tearDown" finished-at="2020-05-13T16:44:16Z" duration-ms="405" status="PASS">
          <params>
            <param index="0">
              <value>
                <![CDATA[[TestResult name=IanTestLoginDesktopWeb status=SUCCESS method=WebDemoTest.IanTestLoginDesktopWeb(java.lang.String, java.lang.String, java.lang.String, java.lang.reflect.Method)[pri:0, instance:com.DemoTest.Tests.WebDemoTest@b59d31] output={null}]]]>
              </value>
            </param>
          </params>
          <reporter-output>
          </reporter-output>
        </test-method> <!-- tearDown -->
        <test-method is-config="true" signature="tearDown(org.testng.ITestResult)[pri:0, instance:com.DemoTest.Tests.WebDemoTest@b59d31]" started-at="2020-05-13T16:44:39Z" name="tearDown" finished-at="2020-05-13T16:44:39Z" duration-ms="331" status="PASS">
          <params>
            <param index="0">
              <value>
                <![CDATA[[TestResult name=IanTestLoginDesktopWeb status=SUCCESS method=WebDemoTest.IanTestLoginDesktopWeb(java.lang.String, java.lang.String, java.lang.String, java.lang.reflect.Method)[pri:0, instance:com.DemoTest.Tests.WebDemoTest@b59d31] output={null}]]]>
              </value>
            </param>
          </params>
          <reporter-output>
          </reporter-output>
        </test-method> <!-- tearDown -->
      </class> <!-- com.DemoTest.Tests.WebDemoTest -->
    </test> <!-- /Users/ianflanagan/Workspace/JavaClass/JavaWebDemo/responsivewebdemo -->
  </suite> <!-- All Test Suite -->
</testng-results>
