<?xml version="1.0" encoding="UTF-8"?>
<!-- Generated by org.testng.reporters.JUnitXMLReporter -->
<testsuite hostname="SL-1246" failures="0" tests="11" name="/Users/ianflanagan/Workspace/JavaClass/JavaWebDemo/responsivewebdemo" time="59.528" errors="0" timestamp="13 May 2020 21:44:39 GMT">
  <testcase classname="com.DemoTest.Tests.WebDemoTest" name="IanTestLoginDesktopWeb" time="24.737"/>
  <testcase classname="com.DemoTest.Tests.WebDemoTest" name="IanTestLoginDesktopWeb" time="24.948"/>
  <testcase classname="com.DemoTest.Tests.WebDemoTest" name="IanTestLoginDesktopWeb" time="25.061"/>
  <testcase classname="com.DemoTest.Tests.WebDemoTest" name="IanTestLoginDesktopWeb" time="28.303"/>
  <testcase classname="com.DemoTest.Tests.WebDemoTest" name="IanTestLoginDesktopWeb" time="30.058"/>
  <testcase classname="com.DemoTest.Tests.WebDemoTest" name="IanTestLoginDesktopWeb" time="30.079"/>
  <testcase classname="com.DemoTest.Tests.WebDemoTest" name="IanTestLoginDesktopWeb" time="31.79"/>
  <testcase classname="com.DemoTest.Tests.WebDemoTest" name="IanTestLoginDesktopWeb" time="33.815"/>
  <testcase classname="com.DemoTest.Tests.WebDemoTest" name="IanTestLoginDesktopWeb" time="33.816"/>
  <testcase classname="com.DemoTest.Tests.WebDemoTest" name="IanTestLoginDesktopWeb" time="35.772"/>
  <testcase classname="com.DemoTest.Tests.WebDemoTest" name="IanTestLoginDesktopWeb" time="33.894"/>
</testsuite> <!-- /Users/ianflanagan/Workspace/JavaClass/JavaWebDemo/responsivewebdemo -->
